<?xml version="1.0" encoding="UTF-8"?>
<testsuite xmlns:xsi="http://www.w3.org/2001/XMLSchema-instance" xsi:noNamespaceSchemaLocation="https://maven.apache.org/surefire/maven-surefire-plugin/xsd/surefire-test-report-3.0.xsd" version="3.0" name="edu.miu.lab.ArrayReversorTests" time="0.77" tests="3" errors="0" skipped="0" failures="0">
  <properties>
[...]
</properties>
  <testcase name="testReverseArrayWithNullArray" classname="edu.miu.lab.ArrayReversorTests" time="0.728"/>
  <testcase name="testReverseArrayWithNotNullArray" classname="edu.miu.lab.ArrayReversorTests" time="0.036"/>
  <testcase name="testReverseArrayWithEmptyArray" classname="edu.miu.lab.ArrayReversorTests" time="0.002"/>
</testsuite>